<?xml version="1.0" encoding="UTF-8"?>

<testsuites name="jest tests" tests="2" failures="0" errors="0" time="0.662">
  <testsuite name="undefined" errors="0" failures="0" skipped="0" timestamp="2025-10-01T13:09:15" time="0.551" tests="2">
    <testcase classname=" initial task list is empty" name=" initial task list is empty" time="0.002">

<testsuites name="jest tests" tests="4" failures="1" errors="0" time="0.702">
  <testsuite name="undefined" errors="0" failures="1" skipped="0" timestamp="2025-10-01T13:31:56" time="0.585" tests="4">
    <testcase classname=" initial task list is empty" name=" initial task list is empty" time="0.003">

<testsuites name="jest tests" tests="3" failures="1" errors="0" time="0.602">
  <testsuite name="undefined" errors="0" failures="1" skipped="0" timestamp="2025-10-01T13:14:20" time="0.502" tests="3">
    <testcase classname=" initial task list is empty" name=" initial task list is empty" time="0.003">

    </testcase>
    <testcase classname=" add 1 + 2 + 3" name=" add 1 + 2 + 3" time="0.001">
    </testcase>

    <testcase classname=" ajoute une tâche valide" name=" ajoute une tâche valide" time="0.002">
      <failure>Error: expect(received).toEqual(expected) // deep equality

Expected: [1, &quot;test&quot;, false]
Received: {&quot;done&quot;: false, &quot;id&quot;: 1, &quot;name&quot;: &quot;test&quot;}
    at Object.toEqual (C:\Users\Kelvin\Documents\GitHub\gitcidevA\eval-git-ci-js-base\test\tasks.test.js:17:27)

    <testcase classname=" ajoute une tâche valide" name=" ajoute une tâche valide" time="0">
      <failure>ReferenceError: addTask is not defined
    at Object.expect (C:\Users\Kelvin\Documents\GitHub\gitcidevA\eval-git-ci-js-base\test\tasks.test.js:17:3)

    at Promise.then.completed (C:\Users\Kelvin\Documents\GitHub\gitcidevA\eval-git-ci-js-base\node_modules\jest-circus\build\utils.js:298:28)
    at new Promise (&lt;anonymous&gt;)
    at callAsyncCircusFn (C:\Users\Kelvin\Documents\GitHub\gitcidevA\eval-git-ci-js-base\node_modules\jest-circus\build\utils.js:231:10)
    at _callCircusTest (C:\Users\Kelvin\Documents\GitHub\gitcidevA\eval-git-ci-js-base\node_modules\jest-circus\build\run.js:316:40)
    at processTicksAndRejections (node:internal/process/task_queues:105:5)
    at _runTest (C:\Users\Kelvin\Documents\GitHub\gitcidevA\eval-git-ci-js-base\node_modules\jest-circus\build\run.js:252:3)
    at _runTestsForDescribeBlock (C:\Users\Kelvin\Documents\GitHub\gitcidevA\eval-git-ci-js-base\node_modules\jest-circus\build\run.js:126:9)
    at run (C:\Users\Kelvin\Documents\GitHub\gitcidevA\eval-git-ci-js-base\node_modules\jest-circus\build\run.js:71:3)
    at runAndTransformResultsToJestFormat (C:\Users\Kelvin\Documents\GitHub\gitcidevA\eval-git-ci-js-base\node_modules\jest-circus\build\legacy-code-todo-rewrite\jestAdapterInit.js:122:21)
    at jestAdapter (C:\Users\Kelvin\Documents\GitHub\gitcidevA\eval-git-ci-js-base\node_modules\jest-circus\build\legacy-code-todo-rewrite\jestAdapter.js:79:19)
    at runTestInternal (C:\Users\Kelvin\Documents\GitHub\gitcidevA\eval-git-ci-js-base\node_modules\jest-runner\build\runTest.js:367:16)
    at runTest (C:\Users\Kelvin\Documents\GitHub\gitcidevA\eval-git-ci-js-base\node_modules\jest-runner\build\runTest.js:444:34)</failure>
    </testcase>
        
    <testcase classname=" toggleTask change l’état de done" name=" toggleTask change l’état de done" time="0.001">
    </testcase>

  </testsuite>
</testsuites>